/Users/samirgupta/Desktop/WORK/Vanderbilt_work/Research/After_12th_December_2023/24_ICCPS_2027/Single_Episode_change/Baselines/LearningMPC/f1tenth_gym/gym/f110_gym/envs/base_classes.py:95: UserWarning: Chosen integrator is RK4. This is different from previous versions of the gym.
  warnings.warn(f"Chosen integrator is RK4. This is different from previous versions of the gym.")
dynamics model: kinematic nominal + residual regression
SPEED_MAX override: 20.0 m/s
track length: 25.52 m
live lap-time plot: ../online_training/data/barc_residual/lap_times.png (updates after every lap)
lap 2 (iter): 15.50 s   mean 1.65 m/s
lap 3 (iter): 13.25 s   mean 1.93 m/s
lap 4 (iter): 12.30 s   mean 2.07 m/s
lap 5 (iter): 11.60 s   mean 2.20 m/s
lap 6 (iter): 11.05 s   mean 2.31 m/s
lap 7 (iter): 10.50 s   mean 2.43 m/s
lap 8 (iter): 10.15 s   mean 2.51 m/s
lap 9 (iter): 9.70 s   mean 2.63 m/s
lap 10 (iter): 9.35 s   mean 2.73 m/s
lap 11 (iter): 9.10 s   mean 2.80 m/s
lap 12 (iter): 8.80 s   mean 2.90 m/s
lap 13 (iter): 8.55 s   mean 2.98 m/s
lap 14 (iter): 8.40 s   mean 3.04 m/s
lap 15 (iter): 8.25 s   mean 3.09 m/s
lap 16 (iter): 8.10 s   mean 3.15 m/s
lap trajectory plot: ../online_training/data/barc_residual/lap_trajectories.png

==== summary ====
laps completed: 15  crashed: False  solver failures: 0
lap times: 15.5 13.3 12.3 11.6 11.0 10.5 10.2 9.7 9.4 9.1 8.8 8.6 8.4 8.2 8.1
first: 15.50s  best: 8.10s
wall time: 18.8s, lap log: ../online_training/data/barc_residual/laps_20260717_105519.csv
