/Users/samirgupta/Desktop/WORK/Vanderbilt_work/Research/After_12th_December_2023/24_ICCPS_2027/Single_Episode_change/Baselines/LearningMPC/f1tenth_gym/gym/f110_gym/envs/base_classes.py:95: UserWarning: Chosen integrator is RK4. This is different from previous versions of the gym.
  warnings.warn(f"Chosen integrator is RK4. This is different from previous versions of the gym.")
[OsqpEigen::Solver::solve] The solution is unfeasible.
[LMPC DEBUG] QP failure (init_ok=1) nonfinite: grad=0 lower=0
[LMPC DEBUG] NaN lower=0 NaN upper=0 nonfinite H=0 nonfinite A=0
[LMPC DEBUG] x0 =    0.881735      4.5679     2.15754     1.88521   -0.466878 -0.00791459 use_dyn=1
[LMPC DEBUG] k=0 xref=(0.934279,4.4896) v=1.8866 s_ref=11.55 lw=0.08 rw=0.32 dx'=-0.461034 dy'=0.887582 boundlo=-3.04367 boundhi=-2.6436
[LMPC DEBUG] k=1 xref=(0.881769,4.568) v=1.88522 s_ref=11.65 lw=0.1 rw=0.32 dx'=-0.424136 dy'=0.905757 boundlo=-2.89392 boundhi=-2.47386
[LMPC DEBUG] k=2 xref=(0.831197,4.64756) v=1.88366 s_ref=11.75 lw=0.12 rw=0.28 dx'=-0.387718 dy'=0.92192 boundlo=-2.70077 boundhi=-2.30072
SPEED_MAX override: 20.0 m/s
track length: 25.52 m
live lap-time plot: ../online_training/data/barc_known/lap_times.png (updates after every lap)
lap 2 (iter): 15.45 s   mean 1.65 m/s
lap 3 (iter): 12.75 s   mean 2.00 m/s
lap 4 (iter): 11.90 s   mean 2.14 m/s
lap 5 (iter): 11.10 s   mean 2.30 m/s
lap 6 (iter): 10.50 s   mean 2.43 m/s
lap 7 (iter): 10.00 s   mean 2.55 m/s
lap 8 (iter): 9.55 s   mean 2.67 m/s
lap 9 (iter): 9.25 s   mean 2.76 m/s
lap 10 (iter): 8.90 s   mean 2.87 m/s
lap 11 (iter): 8.60 s   mean 2.97 m/s
lap 12 (iter): 8.45 s   mean 3.02 m/s
lap 13 (iter): 8.20 s   mean 3.11 m/s
lap 14 (iter): 8.00 s   mean 3.19 m/s
lap 15 (iter): 7.85 s   mean 3.25 m/s
lap 16 (iter): 7.65 s   mean 3.34 m/s
lap trajectory plot: ../online_training/data/barc_known/lap_trajectories.png

==== summary ====
laps completed: 15  crashed: False  solver failures: 1
lap times: 15.4 12.8 11.9 11.1 10.5 10.0 9.6 9.3 8.9 8.6 8.5 8.2 8.0 7.8 7.6
first: 15.45s  best: 7.65s
wall time: 15.1s, lap log: ../online_training/data/barc_known/laps_20260717_105519.csv
